<?xml version="1.0" encoding="UTF-8" ?>
<testsuite tests="12" failures="0" name="cucumber.Options.TestRunner" time="13.334" errors="0" skipped="0">
  <properties>
    <property name="java.runtime.name" value="Java(TM) SE Runtime Environment"/>
    <property name="java.vm.version" value="11.0.13+10-LTS-370"/>
    <property name="sun.boot.library.path" value="C:\Program Files\Java\jdk-11.0.13\bin"/>
    <property name="maven.multiModuleProjectDirectory" value="C:\Users\nsail\REST_Assured\APIFramework"/>
    <property name="java.vm.vendor" value="Oracle Corporation"/>
    <property name="java.vendor.url" value="https://openjdk.java.net/"/>
    <property name="guice.disable.misplaced.annotation.check" value="true"/>
    <property name="path.separator" value=";"/>
    <property name="java.vm.name" value="Java HotSpot(TM) 64-Bit Server VM"/>
    <property name="sun.os.patch.level" value=""/>
    <property name="user.script" value=""/>
    <property name="user.country" value="US"/>
    <property name="sun.java.launcher" value="SUN_STANDARD"/>
    <property name="java.vm.specification.name" value="Java Virtual Machine Specification"/>
    <property name="user.dir" value="C:\Users\nsail\REST_Assured\APIFramework"/>
    <property name="java.vm.compressedOopsMode" value="32-bit"/>
    <property name="java.runtime.version" value="11.0.13+10-LTS-370"/>
    <property name="java.awt.graphicsenv" value="sun.awt.Win32GraphicsEnvironment"/>
    <property name="os.arch" value="amd64"/>
    <property name="java.io.tmpdir" value="C:\Users\nsail\AppData\Local\Temp\"/>
    <property name="line.separator" value="
"/>
    <property name="java.vm.specification.vendor" value="Oracle Corporation"/>
    <property name="user.variant" value=""/>
    <property name="os.name" value="Windows 10"/>
    <property name="classworlds.conf" value="C:\apache-maven-3.8.5\bin\m2.conf"/>
    <property name="sun.jnu.encoding" value="Cp1252"/>
    <property name="java.library.path" value="C:\Program Files\Java\jdk-11.0.13\bin;C:\WINDOWS\Sun\Java\bin;C:\WINDOWS\system32;C:\WINDOWS;C:\apache-maven-3.8.5/bin;C:\Program Files\Java\jdk-11.0.13/bin;C:\Program Files\Java\jdk-11.0.13/bin;C:\Program Files\Common Files\Oracle\Java\javapath;C:\Windows\System32;C:\Windows;C:\Program Files\Java\jdk-12.0.1\bin;C:\WINDOWS\system32;C:\WINDOWS;C:\WINDOWS\System32\Wbem;C:\WINDOWS\System32\WindowsPowerShell\v1.0\;C:\WINDOWS\System32\OpenSSH\;C:\Program Files\Intel\WiFi\bin\;C:\Program Files\Common Files\Intel\WirelessCommon\;C:\Program Files\Git\cmd;C:\Program Files\dotnet\;C:\apache-maven-3.8.5\bin;C:\Users\nsail\AppData\Local\Programs\Python\Python38\Scripts\;C:\Users\nsail\AppData\Local\Programs\Python\Python38\;C:\Users\nsail\AppData\Local\Microsoft\WindowsApps;C:\Users\nsail\Anaconda3\Scripts;C:\Users\nsail\Desktop\opencv\build\x64\vc14\bin;C:\Program Files (x86)\SSH Communications Security\SSH Secure Shell;C:\Program Files\JetBrains\PyCharm Community Edition 2020.1\bin;C:\Users\nsail\AppData\Local\atom\bin;;%USERPROFILE%\AppData\Local\Microsoft\WindowsApps;."/>
    <property name="maven.conf" value="C:\apache-maven-3.8.5/conf"/>
    <property name="jdk.debug" value="release"/>
    <property name="java.class.version" value="55.0"/>
    <property name="java.specification.name" value="Java Platform API Specification"/>
    <property name="sun.management.compiler" value="HotSpot 64-Bit Tiered Compilers"/>
    <property name="os.version" value="10.0"/>
    <property name="library.jansi.path" value="C:\apache-maven-3.8.5\lib\jansi-native"/>
    <property name="user.home" value="C:\Users\nsail"/>
    <property name="user.timezone" value="America/Denver"/>
    <property name="java.awt.printerjob" value="sun.awt.windows.WPrinterJob"/>
    <property name="file.encoding" value="Cp1252"/>
    <property name="java.specification.version" value="11"/>
    <property name="user.name" value="nsail"/>
    <property name="java.class.path" value="C:\apache-maven-3.8.5\boot\plexus-classworlds-2.6.0.jar"/>
    <property name="java.vm.specification.version" value="11"/>
    <property name="sun.arch.data.model" value="64"/>
    <property name="sun.java.command" value="org.codehaus.plexus.classworlds.launcher.Launcher test verify -Dcucumber.Options=--tags @AddPlace"/>
    <property name="java.home" value="C:\Program Files\Java\jdk-11.0.13"/>
    <property name="user.language" value="en"/>
    <property name="java.specification.vendor" value="Oracle Corporation"/>
    <property name="awt.toolkit" value="sun.awt.windows.WToolkit"/>
    <property name="java.vm.info" value="mixed mode"/>
    <property name="java.version" value="11.0.13"/>
    <property name="java.vendor" value="Oracle Corporation"/>
    <property name="maven.home" value="C:\apache-maven-3.8.5"/>
    <property name="file.separator" value="\"/>
    <property name="java.version.date" value="2021-10-19"/>
    <property name="java.vendor.url.bug" value="https://bugreport.java.com/bugreport/"/>
    <property name="sun.io.unicode.encoding" value="UnicodeLittle"/>
    <property name="sun.cpu.endian" value="little"/>
    <property name="java.vendor.version" value="18.9"/>
    <property name="sun.desktop" value="windows"/>
    <property name="cucumber.Options" value="--tags @AddPlace"/>
    <property name="sun.cpu.isalist" value="amd64"/>
  </properties>
  <testcase classname="Verify if Place is being successfully added using AddPlaceAPI" name="Add Place Payload with &quot;LR Home&quot; &quot;French&quot; &quot;Sibtrn dr&quot;" time="2.464"/>
  <testcase classname="Verify if Place is being successfully added using AddPlaceAPI" name="user calls &quot;AddPlaceAPI&quot; with &quot;POST&quot; http request" time="6.336"/>
  <testcase classname="Verify if Place is being successfully added using AddPlaceAPI" name="then the API call is successful with status code 200" time="0.003"/>
  <testcase classname="Verify if Place is being successfully added using AddPlaceAPI" name="&quot;status&quot; in response body is &quot;OK&quot;" time="1.456"/>
  <testcase classname="Verify if Place is being successfully added using AddPlaceAPI" name="&quot;scope&quot; in response body is &quot;APP&quot;" time="0.021"/>
  <testcase classname="Verify if Place is being successfully added using AddPlaceAPI" name="verify that place_id created maps to &quot;LR Home&quot; got using &quot;getPlaceAPI&quot;" time="1.03"/>
  <testcase classname="Verify if Place is being successfully added using AddPlaceAPI" name="Verify if Place is being successfully added using AddPlaceAPI" time="1.03"/>
  <testcase classname="Verify if Delete place functionality is working" name="DeletePlace payload" time="0.008"/>
  <testcase classname="Verify if Delete place functionality is working" name="user calls &quot;deletePlaceAPI&quot; with &quot;POST&quot; http request" time="0.948"/>
  <testcase classname="Verify if Delete place functionality is working" name="then the API call is successful with status code 200" time="0"/>
  <testcase classname="Verify if Delete place functionality is working" name="&quot;status&quot; in response body is &quot;OK&quot;" time="0.019"/>
  <testcase classname="Verify if Delete place functionality is working" name="Verify if Delete place functionality is working" time="0.019"/>
</testsuite>